[debug] [2024-06-16T17:36:21.730Z] ----------------------------------------------------------------------
[debug] [2024-06-16T17:36:21.734Z] Command:       C:\Program Files\nodejs\node.exe C:\Users\Hp\AppData\Roaming\npm\node_modules\firebase-tools\lib\bin\firebase.js login
[debug] [2024-06-16T17:36:21.735Z] CLI Version:   13.11.2
[debug] [2024-06-16T17:36:21.735Z] Platform:      win32
[debug] [2024-06-16T17:36:21.735Z] Node Version:  v20.14.0
[debug] [2024-06-16T17:36:21.736Z] Time:          Sun Jun 16 2024 18:36:21 GMT+0100 (British Summer Time)
[debug] [2024-06-16T17:36:21.736Z] ----------------------------------------------------------------------
[debug] 
[debug] [2024-06-16T17:36:21.740Z] >>> [apiv2][query] GET https://firebase-public.firebaseio.com/cli.json [none]
[info] i  Firebase optionally collects CLI and Emulator Suite usage and error reporting information to help improve our products. Data is collected in accordance with Google's privacy policy (https://policies.google.com/privacy) and is not used to identify you.
 
[debug] [2024-06-16T17:36:21.863Z] *** [apiv2] error from fetch(https://firebase-public.firebaseio.com/cli.json, {"headers":{},"method":"GET"}): FetchError: request to https://firebase-public.firebaseio.com/cli.json failed, reason: getaddrinfo ENOTFOUND firebase-public.firebaseio.com
[warn] !  Unable to fetch the CLI MOTD and remote config. This is not a fatal error, but may indicate an issue with your network connection. 
[debug] [2024-06-16T17:36:21.866Z] Failed to fetch MOTD FirebaseError: Failed to make request to https://firebase-public.firebaseio.com/cli.json
[debug] [2024-06-16T18:05:05.510Z] ----------------------------------------------------------------------
[debug] [2024-06-16T18:05:05.514Z] Command:       C:\Program Files\nodejs\node.exe C:\Users\Hp\AppData\Roaming\npm\node_modules\firebase-tools\lib\bin\firebase.js login
[debug] [2024-06-16T18:05:05.514Z] CLI Version:   13.11.2
[debug] [2024-06-16T18:05:05.515Z] Platform:      win32
[debug] [2024-06-16T18:05:05.515Z] Node Version:  v20.14.0
[debug] [2024-06-16T18:05:05.515Z] Time:          Sun Jun 16 2024 19:05:05 GMT+0100 (British Summer Time)
[debug] [2024-06-16T18:05:05.516Z] ----------------------------------------------------------------------
[debug] 
[debug] [2024-06-16T18:05:05.520Z] >>> [apiv2][query] GET https://firebase-public.firebaseio.com/cli.json [none]
[info] i  Firebase optionally collects CLI and Emulator Suite usage and error reporting information to help improve our products. Data is collected in accordance with Google's privacy policy (https://policies.google.com/privacy) and is not used to identify you.
 
[debug] [2024-06-16T18:05:12.607Z] <<< [apiv2][status] GET https://firebase-public.firebaseio.com/cli.json 200
[debug] [2024-06-16T18:05:12.610Z] <<< [apiv2][body] GET https://firebase-public.firebaseio.com/cli.json {"cloudBuildErrorAfter":1594252800000,"cloudBuildWarnAfter":1590019200000,"defaultNode10After":1594252800000,"minVersion":"3.0.5","node8DeploysDisabledAfter":1613390400000,"node8RuntimeDisabledAfter":1615809600000,"node8WarnAfter":1600128000000}
